[19Apr2025 00:02:37.545] [Server thread/WARN] [net.minecraft.server.level.ServerPlayerGameMode/]: Mismatch in destroy block pos: BlockPos{x=-3454, y=107, z=-1355} BlockPos{x=-3453, y=106, z=-1354}
[19Apr2025 00:03:44.633] [Server thread/INFO] [Chunk Activity Tracker/]: Saving data for 4772 chunks for dimension 'overworld' took 20 milliseconds
[19Apr2025 00:04:59.892] [Server thread/WARN] [net.minecraft.server.network.ServerGamePacketListenerImpl/]: Horse (vehicle of David_SanHT) moved wrongly! 0.25277803474318716
[19Apr2025 00:04:59.938] [Server thread/WARN] [net.minecraft.server.network.ServerGamePacketListenerImpl/]: Horse (vehicle of David_SanHT) moved wrongly! 0.5766682003718415
[19Apr2025 00:05:04.993] [Server thread/WARN] [net.minecraft.server.network.ServerGamePacketListenerImpl/]: Horse (vehicle of David_SanHT) moved wrongly! 0.3123861018975731
[19Apr2025 00:05:05.043] [Server thread/WARN] [net.minecraft.server.network.ServerGamePacketListenerImpl/]: Horse (vehicle of David_SanHT) moved wrongly! 0.730725634249211
[19Apr2025 00:06:02.400] [Server thread/WARN] [net.minecraft.server.network.ServerGamePacketListenerImpl/]: Horse (vehicle of David_SanHT) moved wrongly! 0.3208833169198897
[19Apr2025 00:06:05.145] [Server thread/WARN] [net.minecraft.server.network.ServerGamePacketListenerImpl/]: Horse (vehicle of David_SanHT) moved wrongly! 0.7218435053091525
[19Apr2025 00:06:05.194] [Server thread/WARN] [net.minecraft.server.network.ServerGamePacketListenerImpl/]: Horse (vehicle of David_SanHT) moved wrongly! 0.5214983414580274
[19Apr2025 00:06:08.592] [Server thread/WARN] [net.minecraft.server.network.ServerGamePacketListenerImpl/]: Horse (vehicle of David_SanHT) moved wrongly! 0.6022221576549782
[19Apr2025 00:06:08.641] [Server thread/WARN] [net.minecraft.server.network.ServerGamePacketListenerImpl/]: Horse (vehicle of David_SanHT) moved wrongly! 1.2593736059675393
[19Apr2025 00:06:09.091] [Server thread/WARN] [net.minecraft.server.network.ServerGamePacketListenerImpl/]: Horse (vehicle of David_SanHT) moved wrongly! 0.2702763167339981
[19Apr2025 00:06:56.942] [Server thread/INFO] [net.minecraft.server.network.ServerGamePacketListenerImpl/]: David_SanHT lost connection: Disconnected
[19Apr2025 00:06:56.942] [Server thread/INFO] [net.minecraft.server.MinecraftServer/]: David_SanHT left the game
[19Apr2025 00:06:56.944] [Server thread/INFO] [xaero.pac.OpenPartiesAndClaims/]: Updating all forceload tickets for 3fe710e3-7240-3816-b9f8-be672f7de5fc
[19Apr2025 00:07:31.594] [Server thread/INFO] [net.minecraft.server.players.PlayerList/]: David_SanHT[/100.71.94.21:50151] logged in with entity id 9635 at (-3763.198595908213, 94.8500000178814, -1212.8902211834359)
[19Apr2025 00:07:31.602] [Server thread/INFO] [ModdingLegacy/blue_skies/]: Sending ToolHandleTypeManager to David_SanHT
[19Apr2025 00:07:31.603] [Server thread/INFO] [ModdingLegacy/blue_skies/]: Sending SnowcapOvenFreezingManager to David_SanHT
[19Apr2025 00:07:31.603] [Server thread/INFO] [ModdingLegacy/blue_skies/]: Sending HorizoniteForgeFuelManager to David_SanHT
[19Apr2025 00:07:31.604] [Server thread/INFO] [ModdingLegacy/blue_skies/]: Sending AlchemyRecipeManager to David_SanHT
[19Apr2025 00:07:31.606] [Server thread/INFO] [ModdingLegacy/blue_skies/]: Sending JournalEntryManager to David_SanHT
[19Apr2025 00:07:31.609] [Server thread/INFO] [ModdingLegacy/blue_skies/]: Sending JournalSectionManager to David_SanHT
[19Apr2025 00:07:31.609] [Server thread/INFO] [ModdingLegacy/blue_skies/]: Sending JournalRequirementManager to David_SanHT
[19Apr2025 00:07:31.623] [Server thread/INFO] [org.betterx.worlds.together.util.Logger/]: [betternether] Freeze Registry[ResourceKey[minecraft:root / worlds_together:worldgen/betterx/surface_rules] (Stable)]
[19Apr2025 00:07:31.644] [Server thread/INFO] [net.minecraft.server.MinecraftServer/]: David_SanHT joined the game
[19Apr2025 00:07:31.802] [Server thread/INFO] [xaero.pac.OpenPartiesAndClaims/]: Updating all forceload tickets for 3fe710e3-7240-3816-b9f8-be672f7de5fc
[19Apr2025 00:07:31.819] [Server thread/INFO] [Jade/]: Syncing config to David_SanHT (3fe710e3-7240-3816-b9f8-be672f7de5fc)
[19Apr2025 00:07:32.461] [Server thread/INFO] [ping-wheel/]: Channel update: David_SanHT -> default
[19Apr2025 00:08:23.363] [Server thread/WARN] [net.minecraft.server.network.ServerGamePacketListenerImpl/]: Horse (vehicle of David_SanHT) moved wrongly! 0.39576736634990084
[19Apr2025 00:08:23.402] [Server thread/WARN] [net.minecraft.server.network.ServerGamePacketListenerImpl/]: Horse (vehicle of David_SanHT) moved wrongly! 1.0360486342917739
[19Apr2025 00:08:23.452] [Server thread/WARN] [net.minecraft.server.network.ServerGamePacketListenerImpl/]: Horse (vehicle of David_SanHT) moved wrongly! 1.6876007192430214
[19Apr2025 00:08:25.158] [Server thread/WARN] [net.minecraft.server.network.ServerGamePacketListenerImpl/]: Horse (vehicle of David_SanHT) moved wrongly! 0.3378833103274701
[19Apr2025 00:08:25.252] [Server thread/WARN] [net.minecraft.server.network.ServerGamePacketListenerImpl/]: Horse (vehicle of David_SanHT) moved wrongly! 0.5023500250049437
[19Apr2025 00:08:25.364] [Server thread/WARN] [net.minecraft.server.network.ServerGamePacketListenerImpl/]: Horse (vehicle of David_SanHT) moved wrongly! 0.6382063638779982
[19Apr2025 00:08:25.414] [Server thread/WARN] [net.minecraft.server.network.ServerGamePacketListenerImpl/]: Horse (vehicle of David_SanHT) moved wrongly! 0.414456677473936
[19Apr2025 00:08:25.603] [Server thread/WARN] [net.minecraft.server.network.ServerGamePacketListenerImpl/]: Horse (vehicle of David_SanHT) moved wrongly! 0.4772320591468997
[19Apr2025 00:08:25.651] [Server thread/WARN] [net.minecraft.server.network.ServerGamePacketListenerImpl/]: Horse (vehicle of David_SanHT) moved wrongly! 0.27860289439968255
[19Apr2025 00:08:35.544] [Server thread/WARN] [net.minecraft.server.network.ServerGamePacketListenerImpl/]: Horse (vehicle of David_SanHT) moved wrongly! 0.6481893525465239
[19Apr2025 00:08:35.594] [Server thread/WARN] [net.minecraft.server.network.ServerGamePacketListenerImpl/]: Horse (vehicle of David_SanHT) moved wrongly! 0.39802736023011676
[19Apr2025 00:08:35.744] [Server thread/WARN] [net.minecraft.server.network.ServerGamePacketListenerImpl/]: Horse (vehicle of David_SanHT) moved wrongly! 0.44244063213272966
[19Apr2025 00:08:37.394] [Server thread/WARN] [net.minecraft.server.network.ServerGamePacketListenerImpl/]: Horse (vehicle of David_SanHT) moved wrongly! 0.3240983131304347
[19Apr2025 00:08:37.450] [Server thread/WARN] [net.minecraft.server.network.ServerGamePacketListenerImpl/]: Horse (vehicle of David_SanHT) moved wrongly! 0.8236305760142386
[19Apr2025 00:08:37.603] [Server thread/WARN] [net.minecraft.server.network.ServerGamePacketListenerImpl/]: Horse (vehicle of David_SanHT) moved wrongly! 0.4303410163272474
[19Apr2025 00:08:37.647] [Server thread/WARN] [net.minecraft.server.network.ServerGamePacketListenerImpl/]: Horse (vehicle of David_SanHT) moved wrongly! 0.2515790518227732
[19Apr2025 00:08:37.696] [Server thread/WARN] [net.minecraft.server.network.ServerGamePacketListenerImpl/]: Horse (vehicle of David_SanHT) moved wrongly! 0.7416887600234077
[19Apr2025 00:08:37.896] [Server thread/WARN] [net.minecraft.server.network.ServerGamePacketListenerImpl/]: Horse (vehicle of David_SanHT) moved wrongly! 0.7031778273062628
[19Apr2025 00:08:37.942] [Server thread/WARN] [net.minecraft.server.network.ServerGamePacketListenerImpl/]: Horse (vehicle of David_SanHT) moved wrongly! 1.4887962847565177
[19Apr2025 00:08:44.614] [Server thread/INFO] [Chunk Activity Tracker/]: Saving data for 4830 chunks for dimension 'overworld' took 10 milliseconds
[19Apr2025 00:08:44.616] [Server thread/WARN] [net.minecraft.server.network.ServerGamePacketListenerImpl/]: Horse (vehicle of David_SanHT) moved wrongly! 0.25418220984010986
[19Apr2025 00:08:44.617] [Server thread/WARN] [net.minecraft.server.network.ServerGamePacketListenerImpl/]: Horse (vehicle of David_SanHT) moved wrongly! 0.3620145442100693
[19Apr2025 00:08:44.617] [Server thread/WARN] [net.minecraft.server.network.ServerGamePacketListenerImpl/]: Horse (vehicle of David_SanHT) moved wrongly! 0.9331852502900801
[19Apr2025 00:08:44.622] [Server thread/WARN] [net.minecraft.server.network.ServerGamePacketListenerImpl/]: Horse (vehicle of David_SanHT) moved wrongly! 0.61425419947318
[19Apr2025 00:08:44.653] [Server thread/WARN] [net.minecraft.server.network.ServerGamePacketListenerImpl/]: Horse (vehicle of David_SanHT) moved wrongly! 1.0
[19Apr2025 00:08:44.705] [Server thread/WARN] [net.minecraft.server.network.ServerGamePacketListenerImpl/]: Horse (vehicle of David_SanHT) moved wrongly! 1.0
[19Apr2025 00:08:44.919] [Server thread/WARN] [net.minecraft.server.network.ServerGamePacketListenerImpl/]: Horse (vehicle of David_SanHT) moved wrongly! 0.3536951604642127
[19Apr2025 00:09:08.401] [Server thread/WARN] [net.minecraft.server.network.ServerGamePacketListenerImpl/]: Horse (vehicle of David_SanHT) moved wrongly! 0.32305071855171263
[19Apr2025 00:09:08.453] [Server thread/WARN] [net.minecraft.server.network.ServerGamePacketListenerImpl/]: Horse (vehicle of David_SanHT) moved wrongly! 0.950446036086305
[19Apr2025 00:09:08.491] [Server thread/WARN] [net.minecraft.server.network.ServerGamePacketListenerImpl/]: Horse (vehicle of David_SanHT) moved wrongly! 0.6035414797561316
[19Apr2025 00:09:08.691] [Server thread/WARN] [net.minecraft.server.network.ServerGamePacketListenerImpl/]: Horse (vehicle of David_SanHT) moved wrongly! 0.43357396343549226
[19Apr2025 00:09:08.748] [Server thread/WARN] [net.minecraft.server.network.ServerGamePacketListenerImpl/]: Horse (vehicle of David_SanHT) moved wrongly! 0.9372480694487422
[19Apr2025 00:09:08.791] [Server thread/WARN] [net.minecraft.server.network.ServerGamePacketListenerImpl/]: Horse (vehicle of David_SanHT) moved wrongly! 0.4621359478337581
[19Apr2025 00:09:10.338] [Server thread/WARN] [net.minecraft.server.network.ServerGamePacketListenerImpl/]: Horse (vehicle of David_SanHT) moved wrongly! 0.3544105558908086
[19Apr2025 00:09:10.405] [Server thread/WARN] [net.minecraft.server.network.ServerGamePacketListenerImpl/]: Horse (vehicle of David_SanHT) moved wrongly! 0.8984591340547468
[19Apr2025 00:09:33.130] [Server thread/WARN] [net.minecraft.world.level.entity.PersistentEntitySectionManager/]: UUID of added entity already exists: Drowned['Drowned'/11033, l='ServerLevel[world]', x=-1467.50, y=52.00, z=-306.50]
[19Apr2025 00:09:38.692] [Server thread/WARN] [net.minecraft.server.network.ServerGamePacketListenerImpl/]: Horse (vehicle of David_SanHT) moved wrongly! 0.2649503336951966
[19Apr2025 00:09:38.741] [Server thread/WARN] [net.minecraft.server.network.ServerGamePacketListenerImpl/]: Horse (vehicle of David_SanHT) moved wrongly! 0.6744733087184613
[19Apr2025 00:09:38.792] [Server thread/WARN] [net.minecraft.server.network.ServerGamePacketListenerImpl/]: Horse (vehicle of David_SanHT) moved wrongly! 1.1613542216487076
[19Apr2025 00:09:39.533] [Server thread/INFO] [net.minecraft.server.MinecraftServer/]: DaveDude_ has made the advancement [Quite the Renovation]
[19Apr2025 00:09:40.040] [Server thread/WARN] [net.minecraft.server.network.ServerGamePacketListenerImpl/]: Horse (vehicle of David_SanHT) moved wrongly! 0.38306969321274664
[19Apr2025 00:10:12.731] [Worker-Main-2/ERROR] [net.minecraft.world.entity.animal.allay.Allay/]: No key selector in MapLike[{event_delay:0,event_distance:0.0f,range:16,source:{source_entity:[I;44558657,-805812143,-2135634931,493044029],type:"minecraft:entity",y_offset:0.36f}}]
[19Apr2025 00:10:23.406] [Server thread/INFO] [net.minecraft.server.MinecraftServer/]: DaveDude_ has made the advancement [Crops of the Wild]
[19Apr2025 00:10:52.749] [Server thread/WARN] [net.minecraft.server.network.ServerGamePacketListenerImpl/]: Horse (vehicle of David_SanHT) moved wrongly! 0.5146909471768595
[19Apr2025 00:10:52.802] [Server thread/WARN] [net.minecraft.server.network.ServerGamePacketListenerImpl/]: Horse (vehicle of David_SanHT) moved wrongly! 1.0262343168133157
[19Apr2025 00:10:55.268] [Server thread/WARN] [net.minecraft.server.network.ServerGamePacketListenerImpl/]: Horse (vehicle of David_SanHT) moved wrongly! 0.3838365269348287
[19Apr2025 00:10:55.302] [Server thread/WARN] [net.minecraft.server.network.ServerGamePacketListenerImpl/]: Horse (vehicle of David_SanHT) moved wrongly! 0.9730563265575256
[19Apr2025 00:10:55.395] [Server thread/WARN] [net.minecraft.server.network.ServerGamePacketListenerImpl/]: Horse (vehicle of David_SanHT) moved wrongly! 1.6721726204950755
[19Apr2025 00:11:12.690] [Server thread/WARN] [net.minecraft.server.network.ServerGamePacketListenerImpl/]: Horse (vehicle of David_SanHT) moved wrongly! 0.3157448738261337
[19Apr2025 00:12:10.540] [Server thread/WARN] [net.minecraft.server.network.ServerGamePacketListenerImpl/]: Horse (vehicle of JuanitoCubito) moved wrongly! 0.2984827515829238
[19Apr2025 00:12:10.591] [Server thread/WARN] [net.minecraft.server.network.ServerGamePacketListenerImpl/]: Horse (vehicle of JuanitoCubito) moved wrongly! 0.6651557127679553
[19Apr2025 00:12:18.693] [Server thread/WARN] [net.minecraft.server.network.ServerGamePacketListenerImpl/]: Horse (vehicle of JuanitoCubito) moved wrongly! 0.2633087632889328
[19Apr2025 00:12:18.784] [Server thread/WARN] [net.minecraft.server.network.ServerGamePacketListenerImpl/]: Horse (vehicle of JuanitoCubito) moved wrongly! 0.4042000327144706
[19Apr2025 00:13:19.792] [Server thread/INFO] [net.minecraft.server.network.ServerGamePacketListenerImpl/]: DaveDude_ lost connection: Disconnected
[19Apr2025 00:13:19.792] [Server thread/INFO] [net.minecraft.server.MinecraftServer/]: DaveDude_ left the game
[19Apr2025 00:13:19.792] [Server thread/INFO] [xaero.pac.OpenPartiesAndClaims/]: Updating all forceload tickets for 121ca62c-3449-3496-81ea-48b536c25db1
[19Apr2025 00:13:44.566] [Server thread/INFO] [Chunk Activity Tracker/]: Saving data for 4949 chunks for dimension 'overworld' took 12 milliseconds
[19Apr2025 00:14:09.341] [Server thread/WARN] [net.minecraft.server.network.ServerGamePacketListenerImpl/]: Horse (vehicle of JuanitoCubito) moved wrongly! 0.2754895017742456
[19Apr2025 00:14:09.386] [Server thread/WARN] [net.minecraft.server.network.ServerGamePacketListenerImpl/]: Horse (vehicle of JuanitoCubito) moved wrongly! 0.6967275000288282
[19Apr2025 00:15:22.233] [Worker-Main-1/WARN] [net.minecraft.world.entity.EntityType/]: Skipping Entity with id aquaculture:arrau_turtle
[19Apr2025 00:15:22.234] [Worker-Main-1/WARN] [net.minecraft.world.entity.decoration.ItemFrame/]: Unable to load item from: {Count:1b,id:"aquaculture:box_turtle"}
[19Apr2025 00:15:22.234] [Worker-Main-1/WARN] [net.minecraft.world.entity.decoration.ItemFrame/]: Unable to load item from: {Count:1b,id:"aquaculture:starshell_turtle"}
[19Apr2025 00:15:22.234] [Worker-Main-1/WARN] [net.minecraft.world.entity.decoration.ItemFrame/]: Unable to load item from: {Count:1b,id:"aquaculture:arrau_turtle"}
[19Apr2025 00:15:22.235] [Worker-Main-1/WARN] [net.minecraft.world.entity.EntityType/]: Skipping Entity with id aquaculture:box_turtle
[19Apr2025 00:15:22.235] [Worker-Main-1/WARN] [net.minecraft.world.entity.EntityType/]: Skipping Entity with id aquaculture:box_turtle
[19Apr2025 00:15:22.235] [Worker-Main-1/WARN] [net.minecraft.world.entity.EntityType/]: Skipping Entity with id aquaculture:box_turtle
[19Apr2025 00:15:22.235] [Worker-Main-1/WARN] [net.minecraft.world.entity.EntityType/]: Skipping Entity with id aquaculture:box_turtle
[19Apr2025 00:15:22.235] [Worker-Main-1/WARN] [net.minecraft.world.entity.EntityType/]: Skipping Entity with id aquaculture:box_turtle
[19Apr2025 00:15:22.236] [Worker-Main-1/WARN] [net.minecraft.world.entity.EntityType/]: Skipping Entity with id aquaculture:box_turtle
[19Apr2025 00:15:22.236] [Worker-Main-1/WARN] [net.minecraft.world.entity.EntityType/]: Skipping Entity with id aquaculture:box_turtle
[19Apr2025 00:15:22.236] [Worker-Main-1/WARN] [net.minecraft.world.entity.decoration.ItemFrame/]: Unable to load item from: {Count:1b,id:"aquaculture:iron_fillet_knife",tag:{Damage:0}}
[19Apr2025 00:15:22.236] [Worker-Main-1/WARN] [net.minecraft.world.entity.decoration.ItemFrame/]: Unable to load item from: {Count:1b,id:"aquaculturedelight:turtle_meat_dish"}
[19Apr2025 00:15:22.236] [Worker-Main-1/WARN] [net.minecraft.world.entity.decoration.ItemFrame/]: Unable to load item from: {Count:1b,id:"aquaculturedelight:turtle_meat_dish"}
[19Apr2025 00:15:22.237] [Worker-Main-1/WARN] [net.minecraft.world.entity.EntityType/]: Skipping Entity with id aquaculture:arrau_turtle
[19Apr2025 00:15:22.237] [Worker-Main-1/WARN] [net.minecraft.world.entity.EntityType/]: Skipping Entity with id aquaculture:arrau_turtle
[19Apr2025 00:15:22.237] [Worker-Main-1/WARN] [net.minecraft.world.entity.EntityType/]: Skipping Entity with id aquaculture:arrau_turtle
[19Apr2025 00:15:22.237] [Worker-Main-1/WARN] [net.minecraft.world.entity.EntityType/]: Skipping Entity with id aquaculture:arrau_turtle
[19Apr2025 00:17:18.198] [Worker-Main-3/WARN] [com.finndog.mvs.MVSCommon/]: Moog's Voyager Structures: Empty or nonexistent pool: mvs:farm/side_pool which is being called from mvs:nature/short_oak_pathway
[19Apr2025 00:17:18.198] [Worker-Main-3/WARN] [com.finndog.mvs.MVSCommon/]: Moog's Voyager Structures: Empty or nonexistent pool: mvs:farm/side_pool which is being called from mvs:nature/short_oak_pathway
[19Apr2025 00:17:45.410] [Server thread/INFO] [net.minecraft.server.MinecraftServer/]: David_SanHT has made the advancement [Ice Bucket Challenge]
[19Apr2025 00:17:46.666] [Worker-Main-1/WARN] [com.finndog.mvs.MVSCommon/]: Moog's Voyager Structures: Empty or nonexistent pool: mvs:farm/side_pool which is being called from mvs:other_decoration/wheat_grain_bin
[19Apr2025 00:18:44.542] [Server thread/INFO] [Chunk Activity Tracker/]: Saving data for 5056 chunks for dimension 'overworld' took 11 milliseconds
[19Apr2025 00:19:48.579] [Server thread/INFO] [net.minecraft.server.network.ServerGamePacketListenerImpl/]: David_SanHT lost connection: Disconnected
[19Apr2025 00:19:48.579] [Server thread/INFO] [net.minecraft.server.MinecraftServer/]: David_SanHT left the game
[19Apr2025 00:19:48.579] [Server thread/INFO] [xaero.pac.OpenPartiesAndClaims/]: Updating all forceload tickets for 3fe710e3-7240-3816-b9f8-be672f7de5fc
[19Apr2025 00:20:02.266] [Server thread/INFO] [net.minecraft.server.players.PlayerList/]: David_SanHT[/100.71.94.21:50260] logged in with entity id 16884 at (-4243.098517700927, 70.9125000178814, -2787.8836088749745)
[19Apr2025 00:20:02.271] [Server thread/INFO] [ModdingLegacy/blue_skies/]: Sending ToolHandleTypeManager to David_SanHT
[19Apr2025 00:20:02.271] [Server thread/INFO] [ModdingLegacy/blue_skies/]: Sending SnowcapOvenFreezingManager to David_SanHT
[19Apr2025 00:20:02.272] [Server thread/INFO] [ModdingLegacy/blue_skies/]: Sending HorizoniteForgeFuelManager to David_SanHT
[19Apr2025 00:20:02.272] [Server thread/INFO] [ModdingLegacy/blue_skies/]: Sending AlchemyRecipeManager to David_SanHT
[19Apr2025 00:20:02.274] [Server thread/INFO] [ModdingLegacy/blue_skies/]: Sending JournalEntryManager to David_SanHT
[19Apr2025 00:20:02.276] [Server thread/INFO] [ModdingLegacy/blue_skies/]: Sending JournalSectionManager to David_SanHT
[19Apr2025 00:20:02.276] [Server thread/INFO] [ModdingLegacy/blue_skies/]: Sending JournalRequirementManager to David_SanHT
[19Apr2025 00:20:02.288] [Server thread/INFO] [org.betterx.worlds.together.util.Logger/]: [betternether] Freeze Registry[ResourceKey[minecraft:root / worlds_together:worldgen/betterx/surface_rules] (Stable)]
[19Apr2025 00:20:02.311] [Server thread/INFO] [net.minecraft.server.MinecraftServer/]: David_SanHT joined the game
[19Apr2025 00:20:02.420] [Server thread/INFO] [xaero.pac.OpenPartiesAndClaims/]: Updating all forceload tickets for 3fe710e3-7240-3816-b9f8-be672f7de5fc
[19Apr2025 00:20:02.431] [Server thread/INFO] [Jade/]: Syncing config to David_SanHT (3fe710e3-7240-3816-b9f8-be672f7de5fc)
[19Apr2025 00:20:02.747] [Server thread/INFO] [ping-wheel/]: Channel update: David_SanHT -> default
[19Apr2025 00:21:48.100] [Server thread/WARN] [net.minecraft.server.network.ServerGamePacketListenerImpl/]: Horse (vehicle of David_SanHT) moved wrongly! 0.30213651584836043
[19Apr2025 00:21:48.139] [Server thread/WARN] [net.minecraft.server.network.ServerGamePacketListenerImpl/]: Horse (vehicle of David_SanHT) moved wrongly! 0.8457315368941636
[19Apr2025 00:21:48.189] [Server thread/WARN] [net.minecraft.server.network.ServerGamePacketListenerImpl/]: Horse (vehicle of David_SanHT) moved wrongly! 1.404186387280788
[19Apr2025 00:21:48.316] [Server thread/WARN] [net.minecraft.server.network.ServerGamePacketListenerImpl/]: Horse (vehicle of David_SanHT) moved wrongly! 0.5591557077968901
[19Apr2025 00:21:48.317] [Server thread/WARN] [net.minecraft.server.network.ServerGamePacketListenerImpl/]: Horse (vehicle of David_SanHT) moved wrongly! 0.5637723902882499
[19Apr2025 00:21:48.392] [Server thread/WARN] [net.minecraft.server.network.ServerGamePacketListenerImpl/]: Horse (vehicle of David_SanHT) moved wrongly! 1.1376012580112729
[19Apr2025 00:21:48.393] [Server thread/WARN] [net.minecraft.server.network.ServerGamePacketListenerImpl/]: Horse (vehicle of David_SanHT) moved wrongly! 1.713695758518952
[19Apr2025 00:21:48.444] [Server thread/WARN] [net.minecraft.server.network.ServerGamePacketListenerImpl/]: Horse (vehicle of David_SanHT) moved wrongly! 0.5706731459058574
[19Apr2025 00:21:48.492] [Server thread/WARN] [net.minecraft.server.network.ServerGamePacketListenerImpl/]: Horse (vehicle of David_SanHT) moved wrongly! 1.1498194271925968
[19Apr2025 00:21:48.536] [Server thread/WARN] [net.minecraft.server.network.ServerGamePacketListenerImpl/]: Horse (vehicle of David_SanHT) moved wrongly! 0.5725502331852113
[19Apr2025 00:21:48.590] [Server thread/WARN] [net.minecraft.server.network.ServerGamePacketListenerImpl/]: Horse (vehicle of David_SanHT) moved wrongly! 0.5729003322685458
[19Apr2025 00:21:48.637] [Server thread/WARN] [net.minecraft.server.network.ServerGamePacketListenerImpl/]: Horse (vehicle of David_SanHT) moved wrongly! 0.5730876633069784
[19Apr2025 00:21:48.695] [Server thread/WARN] [net.minecraft.server.network.ServerGamePacketListenerImpl/]: Horse (vehicle of David_SanHT) moved wrongly! 1.1535259047150248
[19Apr2025 00:21:48.771] [Server thread/WARN] [net.minecraft.server.network.ServerGamePacketListenerImpl/]: Horse (vehicle of David_SanHT) moved wrongly! 0.5732415352877069
[19Apr2025 00:21:48.789] [Server thread/WARN] [net.minecraft.server.network.ServerGamePacketListenerImpl/]: Horse (vehicle of David_SanHT) moved wrongly! 1.1537621105244398
[19Apr2025 00:21:48.839] [Server thread/WARN] [net.minecraft.server.network.ServerGamePacketListenerImpl/]: Horse (vehicle of David_SanHT) moved wrongly! 0.5732855904770986
[19Apr2025 00:21:48.985] [Server thread/WARN] [net.minecraft.server.network.ServerGamePacketListenerImpl/]: Horse (vehicle of David_SanHT) moved wrongly! 0.5732938072942488
[19Apr2025 00:21:48.986] [Server thread/WARN] [net.minecraft.server.network.ServerGamePacketListenerImpl/]: Horse (vehicle of David_SanHT) moved wrongly! 1.1538423522397352
[19Apr2025 00:21:48.986] [Server thread/WARN] [net.minecraft.server.network.ServerGamePacketListenerImpl/]: Horse (vehicle of David_SanHT) moved wrongly! 0.5733005565107305
[19Apr2025 00:21:49.035] [Server thread/WARN] [net.minecraft.server.network.ServerGamePacketListenerImpl/]: Horse (vehicle of David_SanHT) moved wrongly! 1.153852712826847
[19Apr2025 00:21:49.084] [Server thread/WARN] [net.minecraft.server.network.ServerGamePacketListenerImpl/]: Horse (vehicle of David_SanHT) moved wrongly! 0.5733024888841101
[19Apr2025 00:21:49.136] [Server thread/WARN] [net.minecraft.server.network.ServerGamePacketListenerImpl/]: Horse (vehicle of David_SanHT) moved wrongly! 0.573302849294123
[19Apr2025 00:21:49.184] [Server thread/WARN] [net.minecraft.server.network.ServerGamePacketListenerImpl/]: Horse (vehicle of David_SanHT) moved wrongly! 0.5733030421424701
[19Apr2025 00:21:49.236] [Server thread/WARN] [net.minecraft.server.network.ServerGamePacketListenerImpl/]: Horse (vehicle of David_SanHT) moved wrongly! 0.57330314533192
[19Apr2025 00:21:49.285] [Server thread/WARN] [net.minecraft.server.network.ServerGamePacketListenerImpl/]: Horse (vehicle of David_SanHT) moved wrongly! 0.5732829869584748
[19Apr2025 00:21:49.337] [Server thread/WARN] [net.minecraft.server.network.ServerGamePacketListenerImpl/]: Horse (vehicle of David_SanHT) moved wrongly! 0.5618362827444798
[19Apr2025 00:21:49.408] [Server thread/WARN] [net.minecraft.server.network.ServerGamePacketListenerImpl/]: Horse (vehicle of David_SanHT) moved wrongly! 0.3978749296256865
[19Apr2025 00:21:55.805] [Worker-Main-2/ERROR] [net.minecraft.world.entity.animal.allay.Allay/]: No key selector in MapLike[{event_delay:0,event_distance:0.0f,range:16,source:{source_entity:[I;1691989057,1888829526,-1893450091,1832991991],type:"minecraft:entity",y_offset:0.36f}}]
[19Apr2025 00:23:44.529] [Server thread/INFO] [Chunk Activity Tracker/]: Saving data for 5081 chunks for dimension 'overworld' took 14 milliseconds
[19Apr2025 00:25:31.999] [Server thread/WARN] [net.minecraft.server.network.ServerGamePacketListenerImpl/]: Horse (vehicle of David_SanHT) moved wrongly! 0.3977151956578382
[19Apr2025 00:25:32.064] [Server thread/WARN] [net.minecraft.server.network.ServerGamePacketListenerImpl/]: Horse (vehicle of David_SanHT) moved wrongly! 0.9125141681770401
[19Apr2025 00:25:32.103] [Server thread/WARN] [net.minecraft.server.network.ServerGamePacketListenerImpl/]: Horse (vehicle of David_SanHT) moved wrongly! 0.44828099032110913
[19Apr2025 00:25:53.996] [Server thread/WARN] [net.minecraft.server.network.ServerGamePacketListenerImpl/]: Horse (vehicle of David_SanHT) moved wrongly! 0.5634723940411277
[19Apr2025 00:25:59.583] [Server thread/INFO] [net.minecraft.server.MinecraftServer/]: Stopping server
[19Apr2025 00:25:59.584] [Server thread/INFO] [net.minecraft.server.MinecraftServer/]: Saving players
[19Apr2025 00:25:59.617] [Server thread/INFO] [net.minecraft.server.network.ServerGamePacketListenerImpl/]: JuanitoCubito lost connection: Disconnected
[19Apr2025 00:25:59.617] [Server thread/INFO] [net.minecraft.server.MinecraftServer/]: JuanitoCubito left the game
[19Apr2025 00:25:59.617] [Server thread/INFO] [xaero.pac.OpenPartiesAndClaims/]: Updating all forceload tickets for 7568f65b-f77a-3a83-9823-53e5644c7362
[19Apr2025 00:25:59.633] [Server thread/INFO] [net.minecraft.server.MinecraftServer/]: Saving worlds
[19Apr2025 00:26:00.333] [Server thread/INFO] [net.minecraft.server.MinecraftServer/]: Saving chunks for level 'ServerLevel[world]'/minecraft:overworld
[19Apr2025 00:26:01.190] [Server thread/INFO] [net.minecraft.server.MinecraftServer/]: Saving chunks for level 'ServerLevel[world]'/minecraft:the_end
[19Apr2025 00:26:01.191] [Server thread/INFO] [net.minecraft.server.MinecraftServer/]: Saving chunks for level 'ServerLevel[world]'/blue_skies:everdawn
[19Apr2025 00:26:01.192] [Server thread/INFO] [net.minecraft.server.MinecraftServer/]: Saving chunks for level 'ServerLevel[world]'/deeperdarker:otherside
[19Apr2025 00:26:01.192] [Server thread/INFO] [net.minecraft.server.MinecraftServer/]: Saving chunks for level 'ServerLevel[world]'/twilightforest:twilight_forest
[19Apr2025 00:26:01.193] [Server thread/INFO] [net.minecraft.server.MinecraftServer/]: Saving chunks for level 'ServerLevel[world]'/blue_skies:everbright
[19Apr2025 00:26:01.193] [Server thread/INFO] [net.minecraft.server.MinecraftServer/]: Saving chunks for level 'ServerLevel[world]'/aether:the_aether
[19Apr2025 00:26:01.193] [Server thread/INFO] [net.minecraft.server.MinecraftServer/]: Saving chunks for level 'ServerLevel[world]'/minecraft:the_nether
[19Apr2025 00:26:01.292] [Server thread/INFO] [net.minecraft.server.MinecraftServer/]: ThreadedAnvilChunkStorage (world): All chunks are saved
[19Apr2025 00:26:01.292] [Server thread/INFO] [net.minecraft.server.MinecraftServer/]: ThreadedAnvilChunkStorage (DIM1): All chunks are saved
[19Apr2025 00:26:01.293] [Server thread/INFO] [net.minecraft.server.MinecraftServer/]: ThreadedAnvilChunkStorage (everdawn): All chunks are saved
[19Apr2025 00:26:01.293] [Server thread/INFO] [net.minecraft.server.MinecraftServer/]: ThreadedAnvilChunkStorage (otherside): All chunks are saved
[19Apr2025 00:26:01.293] [Server thread/INFO] [net.minecraft.server.MinecraftServer/]: ThreadedAnvilChunkStorage (twilight_forest): All chunks are saved
[19Apr2025 00:26:01.293] [Server thread/INFO] [net.minecraft.server.MinecraftServer/]: ThreadedAnvilChunkStorage (everbright): All chunks are saved
[19Apr2025 00:26:01.293] [Server thread/INFO] [net.minecraft.server.MinecraftServer/]: ThreadedAnvilChunkStorage (the_aether): All chunks are saved
[19Apr2025 00:26:01.293] [Server thread/INFO] [net.minecraft.server.MinecraftServer/]: ThreadedAnvilChunkStorage (DIM-1): All chunks are saved
[19Apr2025 00:26:01.293] [Server thread/INFO] [net.minecraft.server.MinecraftServer/]: ThreadedAnvilChunkStorage: All dimensions are saved
[19Apr2025 00:26:01.369] [Server thread/INFO] [Chunk Activity Tracker/]: Server stopping, clearing chunk activity tracking map.
[19Apr2025 00:26:01.373] [Server thread/INFO] [Framework/]: Unloading server configs...
[19Apr2025 00:26:01.374] [Server thread/INFO] [Framework/]: Sending config unload event for backpacked.server.toml
[19Apr2025 00:26:01.375] [Server thread/INFO] [Framework/]: Sending config unload event for goblintraders-entities.toml
[19Apr2025 00:26:01.375] [Server thread/INFO] [Framework/]: Finished unloading server configs
[19Apr2025 00:26:01.375] [Server thread/INFO] [xaero.pac.OpenPartiesAndClaims/]: Stopping IO worker...
[19Apr2025 00:26:01.376] [Server thread/INFO] [xaero.pac.OpenPartiesAndClaims/]: Stopped IO worker!
